Flow report for DSD_FPGA_Lab
Wed Nov 30 22:41:43 2022
Quartus II 64-Bit Version 13.1.0 Build 162 10/23/2013 SJ Full Version


---------------------
; Table of Contents ;
---------------------
  1. Legal Notice
  2. Flow Summary
  3. Flow Settings
  4. Flow Non-Default Global Settings
  5. Flow Elapsed Time
  6. Flow OS Summary
  7. Flow Log
  8. Flow Messages
  9. Flow Suppressed Messages



----------------
; Legal Notice ;
----------------
Copyright (C) 1991-2013 Altera Corporation
Your use of Altera Corporation's design tools, logic functions 
and other software and tools, and its AMPP partner logic 
functions, and any output files from any of the foregoing 
(including device programming or simulation files), and any 
associated documentation or information are expressly subject 
to the terms and conditions of the Altera Program License 
Subscription Agreement, Altera MegaCore Function License 
Agreement, or other applicable license agreement, including, 
without limitation, that your use is for the sole purpose of 
programming logic devices manufactured by Altera and sold by 
Altera or its authorized distributors.  Please refer to the 
applicable agreement for further details.



+----------------------------------------------------------------------------------+
; Flow Summary                                                                     ;
+------------------------------------+---------------------------------------------+
; Flow Status                        ; Successful - Wed Nov 30 22:41:43 2022       ;
; Quartus II 64-Bit Version          ; 13.1.0 Build 162 10/23/2013 SJ Full Version ;
; Revision Name                      ; DSD_FPGA_Lab                                ;
; Top-level Entity Name              ; DSD_FPGA_Lab01                              ;
; Family                             ; Cyclone III                                 ;
; Device                             ; EP3C16F484C6                                ;
; Timing Models                      ; Final                                       ;
; Total logic elements               ; 0 / 15,408 ( 0 % )                          ;
;     Total combinational functions  ; 0 / 15,408 ( 0 % )                          ;
;     Dedicated logic registers      ; 0 / 15,408 ( 0 % )                          ;
; Total registers                    ; 0                                           ;
; Total pins                         ; 18 / 347 ( 5 % )                            ;
; Total virtual pins                 ; 0                                           ;
; Total memory bits                  ; 0 / 516,096 ( 0 % )                         ;
; Embedded Multiplier 9-bit elements ; 0 / 112 ( 0 % )                             ;
; Total PLLs                         ; 0 / 4 ( 0 % )                               ;
+------------------------------------+---------------------------------------------+


+-----------------------------------------+
; Flow Settings                           ;
+-------------------+---------------------+
; Option            ; Setting             ;
+-------------------+---------------------+
; Start date & time ; 11/30/2022 22:41:09 ;
; Main task         ; Compilation         ;
; Revision Name     ; DSD_FPGA_Lab        ;
+-------------------+---------------------+


+----------------------------------------------------------------------------------------------------------------------+
; Flow Non-Default Global Settings                                                                                     ;
+-------------------------------------+------------------------------+---------------+----------------+----------------+
; Assignment Name                     ; Value                        ; Default Value ; Entity Name    ; Section Id     ;
+-------------------------------------+------------------------------+---------------+----------------+----------------+
; COMPILER_SIGNATURE_ID               ; 121374192480.166981926904776 ; --            ; --             ; --             ;
; EDA_OUTPUT_DATA_FORMAT              ; Vhdl                         ; --            ; --             ; eda_simulation ;
; EDA_SIMULATION_TOOL                 ; ModelSim-Altera (VHDL)       ; <None>        ; --             ; --             ;
; MAX_CORE_JUNCTION_TEMP              ; 85                           ; --            ; --             ; --             ;
; MIN_CORE_JUNCTION_TEMP              ; 0                            ; --            ; --             ; --             ;
; NOMINAL_CORE_SUPPLY_VOLTAGE         ; 1.2V                         ; --            ; --             ; --             ;
; PARTITION_COLOR                     ; 16764057                     ; --            ; DSD_FPGA_Lab01 ; Top            ;
; PARTITION_FITTER_PRESERVATION_LEVEL ; PLACEMENT_AND_ROUTING        ; --            ; DSD_FPGA_Lab01 ; Top            ;
; PARTITION_NETLIST_TYPE              ; SOURCE                       ; --            ; DSD_FPGA_Lab01 ; Top            ;
; PROJECT_OUTPUT_DIRECTORY            ; output_files                 ; --            ; --             ; --             ;
; TOP_LEVEL_ENTITY                    ; DSD_FPGA_Lab01               ; DSD_FPGA_Lab  ; --             ; --             ;
; VHDL_INPUT_VERSION                  ; VHDL_2008                    ; VHDL_1993     ; --             ; --             ;
; VHDL_SHOW_LMF_MAPPING_MESSAGES      ; Off                          ; --            ; --             ; --             ;
+-------------------------------------+------------------------------+---------------+----------------+----------------+


+-------------------------------------------------------------------------------------------------------------------------------+
; Flow Elapsed Time                                                                                                             ;
+---------------------------+--------------+-------------------------+---------------------+------------------------------------+
; Module Name               ; Elapsed Time ; Average Processors Used ; Peak Virtual Memory ; Total CPU Time (on all processors) ;
+---------------------------+--------------+-------------------------+---------------------+------------------------------------+
; Analysis & Synthesis      ; 00:00:03     ; 1.0                     ; 4660 MB             ; 00:00:02                           ;
; Fitter                    ; 00:00:12     ; 1.0                     ; 5337 MB             ; 00:00:09                           ;
; Assembler                 ; 00:00:03     ; 1.0                     ; 4593 MB             ; 00:00:02                           ;
; TimeQuest Timing Analyzer ; 00:00:04     ; 1.0                     ; 4674 MB             ; 00:00:03                           ;
; EDA Netlist Writer        ; 00:00:01     ; 1.0                     ; 4545 MB             ; 00:00:01                           ;
; Total                     ; 00:00:23     ; --                      ; --                  ; 00:00:17                           ;
+---------------------------+--------------+-------------------------+---------------------+------------------------------------+


+------------------------------------------------------------------------------------------+
; Flow OS Summary                                                                          ;
+---------------------------+--------------------+-----------+------------+----------------+
; Module Name               ; Machine Hostname   ; OS Name   ; OS Version ; Processor type ;
+---------------------------+--------------------+-----------+------------+----------------+
; Analysis & Synthesis      ; ParallelsVirtualPC ; Windows 7 ; 6.2        ; x86_64         ;
; Fitter                    ; ParallelsVirtualPC ; Windows 7 ; 6.2        ; x86_64         ;
; Assembler                 ; ParallelsVirtualPC ; Windows 7 ; 6.2        ; x86_64         ;
; TimeQuest Timing Analyzer ; ParallelsVirtualPC ; Windows 7 ; 6.2        ; x86_64         ;
; EDA Netlist Writer        ; ParallelsVirtualPC ; Windows 7 ; 6.2        ; x86_64         ;
+---------------------------+--------------------+-----------+------------+----------------+


------------
; Flow Log ;
------------
quartus_map --read_settings_files=on --write_settings_files=off DSD_FPGA_Lab -c DSD_FPGA_Lab
quartus_fit --read_settings_files=off --write_settings_files=off DSD_FPGA_Lab -c DSD_FPGA_Lab
quartus_asm --read_settings_files=off --write_settings_files=off DSD_FPGA_Lab -c DSD_FPGA_Lab
quartus_sta DSD_FPGA_Lab -c DSD_FPGA_Lab
quartus_eda --read_settings_files=off --write_settings_files=off DSD_FPGA_Lab -c DSD_FPGA_Lab



